<?xml version="1.0" encoding="UTF-8"?>
<!-- Generated by org.testng.reporters.JUnitReportReporter -->
<testsuite skipped="0" hostname="E0393218" name="Try.First" tests="1" failures="0" timestamp="09 Jul 2018 13:14:19 GMT" time="14.052" errors="0">
  <testcase name="f" time="14.052" classname="Try.First"/>
</testsuite> <!-- Try.First -->
